  Blade.cpp
  Cube.cpp
  GL_Maze.cpp
D:\GItData\DongWoo_Computer_Grahpics\3M\GL_Maze.cpp(35,52): warning C4244: '=': 'int'에서 'T'(으)로 변환하면서 데이터가 손실될 수 있습니다.
          with
          [
              T=float
          ]
D:\GItData\DongWoo_Computer_Grahpics\3M\GL_Maze.cpp(36,52): warning C4244: '=': 'int'에서 'T'(으)로 변환하면서 데이터가 손실될 수 있습니다.
          with
          [
              T=float
          ]
  Object.cpp
  Player.cpp
  Render.cpp
  main.cpp
D:\GItData\DongWoo_Computer_Grahpics\3M\main.cpp(53,33): warning C4244: '=': 'clock_t'에서 'float'(으)로 변환하면서 데이터가 손실될 수 있습니다.
  코드를 생성하고 있습니다...
  3M.vcxproj -> D:\GItData\DongWoo_Computer_Grahpics\3M\Debug\3M.exe
