Afx.obj : error LNK2019: __imp___glewAttachShader"void __cdecl InitShader(void)" (?InitShader@@YAXXZ) 함수에서 참조되는 확인할 수 없는 외부 기호
Afx.obj : error LNK2019: __imp___glewCompileShader"void __cdecl make_fragmentShaders(void)" (?make_fragmentShaders@@YAXXZ) 함수에서 참조되는 확인할 수 없는 외부 기호
Afx.obj : error LNK2019: __imp___glewCreateProgram"void __cdecl InitShader(void)" (?InitShader@@YAXXZ) 함수에서 참조되는 확인할 수 없는 외부 기호
Afx.obj : error LNK2019: __imp___glewCreateShader"void __cdecl make_fragmentShaders(void)" (?make_fragmentShaders@@YAXXZ) 함수에서 참조되는 확인할 수 없는 외부 기호
Afx.obj : error LNK2019: __imp___glewDeleteShader"void __cdecl InitShader(void)" (?InitShader@@YAXXZ) 함수에서 참조되는 확인할 수 없는 외부 기호
Afx.obj : error LNK2019: __imp___glewGetProgramInfoLog"void __cdecl InitShader(void)" (?InitShader@@YAXXZ) 함수에서 참조되는 확인할 수 없는 외부 기호
Afx.obj : error LNK2019: __imp___glewGetProgramiv"void __cdecl InitShader(void)" (?InitShader@@YAXXZ) 함수에서 참조되는 확인할 수 없는 외부 기호
Afx.obj : error LNK2019: __imp___glewGetShaderInfoLog"void __cdecl make_fragmentShaders(void)" (?make_fragmentShaders@@YAXXZ) 함수에서 참조되는 확인할 수 없는 외부 기호
Afx.obj : error LNK2019: __imp___glewGetShaderiv"void __cdecl make_fragmentShaders(void)" (?make_fragmentShaders@@YAXXZ) 함수에서 참조되는 확인할 수 없는 외부 기호
Afx.obj : error LNK2019: __imp___glewLinkProgram"void __cdecl InitShader(void)" (?InitShader@@YAXXZ) 함수에서 참조되는 확인할 수 없는 외부 기호
Afx.obj : error LNK2019: __imp___glewShaderSource"void __cdecl make_fragmentShaders(void)" (?make_fragmentShaders@@YAXXZ) 함수에서 참조되는 확인할 수 없는 외부 기호
Afx.obj : error LNK2019: __imp___glewUseProgram"void __cdecl InitShader(void)" (?InitShader@@YAXXZ) 함수에서 참조되는 확인할 수 없는 외부 기호
Object.obj : error LNK2001: 확인할 수 없는 외부 기호 __imp___glewUseProgram
Render.obj : error LNK2001: 확인할 수 없는 외부 기호 __imp___glewUseProgram
Camera.obj : error LNK2019: __imp___glewGetUniformLocation"public: void __cdecl Camera::Draw(void)" (?Draw@Camera@@QEAAXXZ) 함수에서 참조되는 확인할 수 없는 외부 기호
main.obj : error LNK2001: 확인할 수 없는 외부 기호 __imp___glewGetUniformLocation
Camera.obj : error LNK2019: __imp___glewUniformMatrix4fv"public: void __cdecl Camera::Draw(void)" (?Draw@Camera@@QEAAXXZ) 함수에서 참조되는 확인할 수 없는 외부 기호
Object.obj : error LNK2001: 확인할 수 없는 외부 기호 __imp___glewUniformMatrix4fv
main.obj : error LNK2019: __imp_glewInitmain 함수에서 참조되는 확인할 수 없는 외부 기호
main.obj : error LNK2019: __imp_glewExperimentalmain 함수에서 참조되는 확인할 수 없는 외부 기호
Object.obj : error LNK2019: __imp___glewBindBuffer"public: virtual void __cdecl Object::Init(void)" (?Init@Object@@UEAAXXZ) 함수에서 참조되는 확인할 수 없는 외부 기호
Object.obj : error LNK2019: __imp___glewBufferData"public: virtual void __cdecl Object::Init(void)" (?Init@Object@@UEAAXXZ) 함수에서 참조되는 확인할 수 없는 외부 기호
Object.obj : error LNK2019: __imp___glewGenBuffers"public: virtual void __cdecl Object::Init(void)" (?Init@Object@@UEAAXXZ) 함수에서 참조되는 확인할 수 없는 외부 기호
Object.obj : error LNK2019: __imp___glewEnableVertexAttribArray"public: virtual void __cdecl Object::Init(void)" (?Init@Object@@UEAAXXZ) 함수에서 참조되는 확인할 수 없는 외부 기호
Object.obj : error LNK2019: __imp___glewUniform4f"public: virtual void __cdecl Object::ObjectDraw(void)" (?ObjectDraw@Object@@UEAAXXZ) 함수에서 참조되는 확인할 수 없는 외부 기호
Object.obj : error LNK2019: __imp___glewVertexAttribPointer"public: virtual void __cdecl Object::Init(void)" (?Init@Object@@UEAAXXZ) 함수에서 참조되는 확인할 수 없는 외부 기호
Object.obj : error LNK2019: __imp___glewBindVertexArray"public: virtual void __cdecl Object::Init(void)" (?Init@Object@@UEAAXXZ) 함수에서 참조되는 확인할 수 없는 외부 기호
Object.obj : error LNK2019: __imp___glewGenVertexArrays"public: virtual void __cdecl Object::Init(void)" (?Init@Object@@UEAAXXZ) 함수에서 참조되는 확인할 수 없는 외부 기호
D:\GItData\DongWoo_Computer_Grahpics\OpenGL_09\x64\Debug\OpenGL_09.exe : fatal error LNK1120: 24개의 확인할 수 없는 외부 참조입니다.
